[www.fundingfordeeptech2019.informedfunding.com/speakers.html]
[backblue.gif]
[fade.gif]
[index.html]
[www.fundingfordeeptech2019.informedfunding.com/sitemap.xml]
[www.fundingfordeeptech2019.informedfunding.com/feed.xml]
[browser.sentry-cdn.com/4.6.2/bundle.min.js]
[static.parastorage.com/unpkg/core-js-bundle@3.2.1/minified.js]
[static.parastorage.com/unpkg/whatwg-fetch@3.0.0/dist/fetch.umd.js]
[static.parastorage.com/services/wix-bolt/1.4463.0/bolt-main/app/bolt-custom-elements.min.js]
[static.parastorage.com/unpkg/requirejs-bolt@2.3.6/requirejs.min.js]
[static.parastorage.com/services/skins/2.1229.80/images/wysiwyg/core/themes/base/cursor_zoom_out.png]
[static.parastorage.com/services/skins/2.1229.80/images/wysiwyg/core/themes/base/cursor_zoom_in.png]
[www.fundingfordeeptech2019.informedfunding.com/index.html]
[static.wixstatic.com/media/023dfc_a22fb17ae2864732823fd723ad86d30e_mv2.png/v1/fill/w_149,h_51,al_c,usm_0.66_1.00_0.01,blur_3/Logos-01.png]
[static.wixstatic.com/media/023dfc_d90c12b5380b4be8b85e04fd08e2cb2c_mv2_d_3/v1/fill/w_320,h_480,al_c,q_80,usm_0.66_1.00_0.01,blur_2/023dfc_d90c12b5380b4be8b85e04fd08e2cb2c_mv2_d_3061_4592_s_4_2.a]
[static.wixstatic.com/media/023dfc_c3567dcc0e9b40f9a9bce93b087db707_mv2_d_1269_1903_s_2.png/v1/fill/w_37,h_56,al_c,usm_0.66_1.00_0.01,blur_3/Plexal-logo-vertical-dark.png]
[static.wixstatic.com/media/023dfc_fae1e4dfda3e481dbe0736a653426001_mv2.png/v1/fill/w_160,h_160,al_c,usm_0.66_1.00_0.01,blur_3/DaveSkipp.png]
[static.wixstatic.com/media/023dfc_c16944d7bed745fca364321cd7a010e9_mv2.jpg/v1/fill/w_115,h_62,al_c,q_80,usm_0.66_1.00_0.01,blur_3/FordMobility.jpg]
[static.wixstatic.com/media/023dfc_76c346df07e1400cab1ab1ef22b00891_mv2.png/v1/fill/w_160,h_160,al_c,usm_0.66_1.00_0.01,blur_3/Rikesh.png]
[static.wixstatic.com/media/023dfc_c547516b37a54cd6add2e58d80118e1a_mv2.jpg/v1/fill/w_115,h_62,al_c,q_80,usm_0.66_1.00_0.01,blur_3/Transport.jpg]
[static.wixstatic.com/media/023dfc_8985a4a98048457fa0d6c9e6fd8c68b0_mv2.png/v1/fill/w_160,h_160,al_c,usm_0.66_1.00_0.01,blur_3/Ken Pentimonti_edited.png]
[static.wixstatic.com/media/023dfc_3c0293dda98c422eafcb0432fbf72d24_mv2.jpg/v1/fill/w_115,h_62,al_c,q_80,usm_0.66_1.00_0.01,blur_3/SpeakerLogos5.jpg]
[static.wixstatic.com/media/023dfc_3d938d895b144016bea4cb02287bf3ef_mv2.png/v1/fill/w_160,h_160,al_c,usm_0.66_1.00_0.01,blur_3/Hirsch_edited.png]
[static.wixstatic.com/media/023dfc_c1bf246469eb4581a6efaf5805430bc0_mv2.jpg/v1/fill/w_115,h_62,al_c,q_80,usm_0.66_1.00_0.01,blur_3/Amedeus.jpg]
[static.wixstatic.com/media/023dfc_c41eba832f5049858432ac6b3bd37384_mv2.png/v1/fill/w_160,h_160,al_c,usm_0.66_1.00_0.01,blur_3/HenryWhor_edited.png]
[static.wixstatic.com/media/023dfc_295afde6aedd4863b534154d138e1609_mv2.jpg/v1/fill/w_115,h_62,al_c,q_80,usm_0.66_1.00_0.01,blur_3/BH.jpg]
[static.wixstatic.com/media/023dfc_47d9432f3ca94735a322c4681fc60719_mv2.png/v1/fill/w_160,h_160,al_c,usm_0.66_1.00_0.01,blur_3/Martin_edited.png]
[static.wixstatic.com/media/023dfc_416c5ac5fd9044bf8d458f8178df0cfa_mv2.jpg/v1/fill/w_115,h_62,al_c,q_80,usm_0.66_1.00_0.01,blur_3/TMV.jpg]
[static.wixstatic.com/media/023dfc_dc015e2b50ce49de85be33815fda08e4_mv2.png/v1/fill/w_160,h_160,al_c,usm_0.66_1.00_0.01,blur_3/Francesca Lavey_edited.png]
[static.wixstatic.com/media/023dfc_080e5a1be8674b389fcce2b26a05beed_mv2.jpg/v1/fill/w_115,h_62,al_c,q_80,usm_0.66_1.00_0.01,blur_3/SpeakerLogos.jpg]
[static.wixstatic.com/media/023dfc_088e63fd01534b839aa4836a9ee80b18_mv2.png/v1/fill/w_160,h_160,al_c,usm_0.66_1.00_0.01,blur_3/ChrisDines_edited.png]
[static.wixstatic.com/media/023dfc_59280488561443b78dabc9145eb99c87_mv2.jpg/v1/fill/w_115,h_62,al_c,q_80,usm_0.66_1.00_0.01,blur_3/SpeakerLogos2.jpg]
[static.wixstatic.com/media/023dfc_64ade58dec564ae1ae51b8f569512527_mv2.png/v1/fill/w_160,h_160,al_c,usm_0.66_1.00_0.01,blur_3/DavidMurray_edited.png]
[static.wixstatic.com/media/023dfc_fe0e417f3bb6407c865dc0a878e5d896_mv2.png/v1/fill/w_96,h_62,al_c,usm_0.66_1.00_0.01,blur_3/Screen Shot 2019-10-14 at 12_45_20 AM_pn.png]
[static.wixstatic.com/media/023dfc_c449c6682afe45239cd59613bcc38f0d_mv2.png/v1/fill/w_160,h_160,al_c,usm_0.66_1.00_0.01,blur_3/EdWarner.png]
[static.wixstatic.com/media/023dfc_4ce6dd645372429b8ed296415c38ccb3_mv2.jpg/v1/fill/w_115,h_62,al_c,q_80,usm_0.66_1.00_0.01,blur_3/MS.jpg]
[static.wixstatic.com/media/023dfc_db11d5ad670843f9b5c37ca625afcff7_mv2.png/v1/fill/w_160,h_160,al_c,usm_0.66_1.00_0.01,blur_3/JamesChappel_edited.png]
[static.wixstatic.com/media/023dfc_97bf785d25004df9ad23ea5f448d2b00_mv2.jpg/v1/fill/w_115,h_62,al_c,q_80,usm_0.66_1.00_0.01,blur_3/DigitalShadow.jpg]
[static.wixstatic.com/media/023dfc_f54f4d77d99541c6acc2f1fa142d6bd4_mv2.png/v1/fill/w_160,h_160,al_c,usm_0.66_1.00_0.01,blur_3/TomBritton_edited.png]
[static.wixstatic.com/media/023dfc_ddaf7a9adcad459191ff1d567e6d276e_mv2.jpg/v1/fill/w_115,h_62,al_c,q_80,usm_0.66_1.00_0.01,blur_3/SR Logo.jpg]
[static.wixstatic.com/media/023dfc_478991e64b1e4051869a26b379f26bfb_mv2.png/v1/fill/w_160,h_160,al_c,usm_0.66_1.00_0.01,blur_3/Andrew Roughan_edited.png]
[static.wixstatic.com/media/023dfc_dec183f214f5422f9a70837d961df1e5_mv2.png/v1/fill/w_160,h_160,al_c,usm_0.66_1.00_0.01,blur_3/Russ Shaw_edited.png]
[static.wixstatic.com/media/023dfc_4b42753194e2414c98fcde108f4da2ef_mv2.jpg/v1/fill/w_115,h_62,al_c,q_80,usm_0.66_1.00_0.01,blur_3/SpeakerLogos4.jpg]
[static.wixstatic.com/media/023dfc_99544605886d4827b3e7ea58bdf635fa_mv2.png/v1/fill/w_160,h_160,al_c,usm_0.66_1.00_0.01,blur_3/Becky_edited.png]
[static.wixstatic.com/media/023dfc_cca712e598e64491b2fcbf2871d35f3d_mv2.jpg/v1/fill/w_115,h_62,al_c,q_80,usm_0.66_1.00_0.01,blur_3/KS.jpg]
[static.wixstatic.com/media/023dfc_7f69fb3d77b647c8b66502efbac5e14d_mv2.png/v1/fill/w_160,h_160,al_c,usm_0.66_1.00_0.01,blur_3/SajHuq_edited.png]
[static.wixstatic.com/media/023dfc_b7e72479f23c464e97ea13de13b401f2_mv2.jpg/v1/fill/w_115,h_62,al_c,q_80,usm_0.66_1.00_0.01,blur_3/Lorca.jpg]
[static.wixstatic.com/media/023dfc_08d3059d24484828a0d846b324cdf277_mv2.png/v1/fill/w_160,h_160,al_c,usm_0.66_1.00_0.01,blur_3/Matteo_edited.png]
[static.wixstatic.com/media/023dfc_5bf03a05e2c649748bd231cccad0e267_mv2.jpg/v1/fill/w_115,h_62,al_c,q_80,usm_0.66_1.00_0.01,blur_3/SilverPeak.jpg]
[static.wixstatic.com/media/023dfc_93b1fb8b89e340df9fa6ad91db37cf4c_mv2.png/v1/fill/w_160,h_160,al_c,usm_0.66_1.00_0.01,blur_3/Diarra_edited.png]
[static.wixstatic.com/media/023dfc_026f084dd99046ebbdc5605fecd0217a_mv2.png/v1/fill/w_160,h_160,al_c,usm_0.66_1.00_0.01,blur_3/Francesco_edited.png]
[static.wixstatic.com/media/023dfc_241d23b3871348c0bd0fb2d00b11cda4_mv2.jpg/v1/fill/w_115,h_62,al_c,q_80,usm_0.66_1.00_0.01,blur_3/Balderton.jpg]
[static.wixstatic.com/media/023dfc_f0264dbd51694a7e87e93a73b39f7483_mv2.png/v1/fill/w_160,h_160,al_c,usm_0.66_1.00_0.01,blur_3/Helene_edited.png]
[static.wixstatic.com/media/023dfc_525ec41e33d74cbaaa1f76636618ee36_mv2.png/v1/fill/w_115,h_62,al_c,usm_0.66_1.00_0.01,blur_3/WildAi.png]
[static.wixstatic.com/media/023dfc_20ba6b70555b46ee975fab6bd626d0b3_mv2.png/v1/fill/w_160,h_160,al_c,usm_0.66_1.00_0.01,blur_3/EmmaWright.png]
[static.wixstatic.com/media/023dfc_7770c784ddca46c1a4ff53462a7c4488_mv2.jpg/v1/fill/w_115,h_62,al_c,q_80,usm_0.66_1.00_0.01,blur_3/KempLittle.jpg]
[static.wixstatic.com/media/023dfc_72b00d9065304252967e1d93c9f33a5f_mv2.png/v1/fill/w_160,h_160,al_c,usm_0.66_1.00_0.01,blur_3/james russell_edited.png]
[static.wixstatic.com/media/023dfc_7a0f6bc5803c4189bec31170a27093c3_mv2.png/v1/fill/w_115,h_62,al_c,usm_0.66_1.00_0.01,blur_3/Brisk.png]
[www.fundingfordeeptech2019.informedfunding.com/register.html]
[www.fundingfordeeptech2019.informedfunding.com/speakers.html]
[www.fundingfordeeptech2019.informedfunding.com/feed.html]
[www.fundingfordeeptech2019.informedfunding.com/directions.html]
[static.parastorage.com/services/skins/2.1229.80/images/wysiwyg/core/themes/base/fade_line.png]
[static.wixstatic.com/media/023dfc_71db26421b6b403382ca2128ceba4810_mv2.png/v1/fill/w_263,h_43,al_c,usm_0.66_1.00_0.01,blur_2/EventLogoLR-03.png]
[static.wixstatic.com/media/023dfc_92b1cb36fb6e4a208c44ec897cc7c6d0_mv2.png/v1/fill/w_191,h_191,al_c,usm_0.66_1.00_0.01,blur_3/biggerpillarsLR-14.png]
[static.wixstatic.com/media/023dfc_82edadbe0c4144e695f31362ced15a45_mv2.png/v1/fill/w_191,h_191,al_c,usm_0.66_1.00_0.01,blur_3/biggerpillarsLR-12.png]
[static.wixstatic.com/media/023dfc_c1b4f547ddbc4e0fad9f8e078cc843db_mv2.png/v1/fill/w_191,h_191,al_c,usm_0.66_1.00_0.01,blur_3/biggerpillarsLR-13.png]
[static.wixstatic.com/media/023dfc_2390456837cc4420b20417ac2d0fbfa7_mv2_d_1/v1/fill/w_227,h_227,al_c,q_80,usm_0.66_1.00_0.01,blur_2/023dfc_2390456837cc4420b20417ac2d0fbfa7_mv2_d_1200_1200_s_2.3e]
[static.wixstatic.com/media/023dfc_82b5a4af5abd48d29aa3b588b70b41c4_mv2.jpg/v1/fill/w_227,h_227,al_c,q_80,usm_0.66_1.00_0.01,blur_2/023dfc_82b5a4af5abd48d29aa3b588b70b41c4_mv2.jpg]
[static.wixstatic.com/media/023dfc_d1eea356431947aeb59e974971d68287_mv2.jpg/v1/fill/w_196,h_131,al_c,q_80,usm_0.66_1.00_0.01,blur_2/023dfc_d1eea356431947aeb59e974971d68287_mv2.png]
[www.fundingfordeeptech2019.informedfunding.com/a-conversation-with-plexal-s-md-abo.html]
[static.wixstatic.com/media/023dfc_8006a9947d9948a2b6073d0ebedd1f91_mv2.png/v1/fill/w_172,h_61,al_c,usm_0.66_1.00_0.01,blur_3/Plexal-logo-horizontal-dark.png]
[static.wixstatic.com/media/023dfc_31388e9da9794a45b3a1d610833aa1cc_mv2.png/v1/fill/w_176,h_43,al_c,usm_0.66_1.00_0.01,blur_3/Beauhurst.png]
[static.wixstatic.com/media/023dfc_308c1575dede428c84e14e7700bc05c1_mv2.png/v1/fill/w_102,h_43,al_c,usm_0.66_1.00_0.01,blur_3/efm.png]
[www.fundingfordeeptech2019.informedfunding.com/index.html]
[static.wixstatic.com/media/023dfc_bf699db028c0453bbbd56ed6af55ff9f_mv2.png/v1/crop/x_0,y_230,w_3744,h_553/fill/w_244,h_36,al_c,usm_0.66_1.00_0.01,blur_2/MooreKingstonSmith_Identity_RGB.45.delaye]
[static.wixstatic.com/media/023dfc_fe5dedf357b7464b84a57454dc9dfaa3_mv2_d_4/v1/fill/w_480,h_320,al_c,q_80,usm_0.66_1.00_0.01,blur_2/023dfc_fe5dedf357b7464b84a57454dc9dfaa3_mv2_d_4500_3000_s_4_2.4]
[static.wixstatic.com/media/023dfc_6beff85c1e334b61863bc089546203c2_mv2_d_1/v1/fill/w_185,h_124,al_c,q_80,usm_0.66_1.00_0.01,blur_2/023dfc_6beff85c1e334b61863bc089546203c2_mv2_d_1920_1279_s_2.47]
[static.wixstatic.com/media/023dfc_92b1cb36fb6e4a208c44ec897cc7c6d0_mv2.png/v1/fill/w_139,h_139,al_c,usm_0.66_1.00_0.01,blur_3/biggerpillarsLR-14.png]
[static.wixstatic.com/media/023dfc_82edadbe0c4144e695f31362ced15a45_mv2.png/v1/fill/w_139,h_139,al_c,usm_0.66_1.00_0.01,blur_3/biggerpillarsLR-12.png]
[static.wixstatic.com/media/023dfc_c1b4f547ddbc4e0fad9f8e078cc843db_mv2.png/v1/fill/w_139,h_139,al_c,usm_0.66_1.00_0.01,blur_3/biggerpillarsLR-13.png]
[static.wixstatic.com/media/023dfc_71db26421b6b403382ca2128ceba4810_mv2.png/v1/fill/w_210,h_34,al_c,usm_0.66_1.00_0.01,blur_2/EventLogoLR-03.png]
[static.wixstatic.com/media/023dfc_1c4af0f9a73543ce8a1a4ab3236fcfec_mv2_d_4/v1/fill/w_226,h_94,al_c,q_80,usm_0.66_1.00_0.01,blur_2/023dfc_1c4af0f9a73543ce8a1a4ab3236fcfec_mv2_d_4800_2000_s_2.4b.d]
[www.fundingfordeeptech2019.informedfunding.com/register.html]
[static.wixstatic.com/media/023dfc_86354d983d2c431ca21c054c9d4294da_mv2.jpg/v1/fill/w_250,h_167,al_c,q_80,usm_0.66_1.00_0.01,blur_2/023dfc_86354d983d2c431ca21c054c9d4294da_mv2.png]
[static.wixstatic.com/media/023dfc_0dcf9670c34f445ba704ce629540b6c5_mv2_d_1200_1200_s_2.jpg/v1/fill/w_142,h_142,al_c,q_80,usm_0.66_1.00_0.01,blur_2/Untitled-1-04.jpg]
[static.wixstatic.com/media/023dfc_6859542b6dc344ccab52b5a155bfa767_mv2_d_1200_1200_s_2.jpg/v1/fill/w_142,h_142,al_c,q_80,usm_0.66_1.00_0.01,blur_2/Untitled-1-08.jpg]
[static.wixstatic.com/media/023dfc_abff2638860e4b82bd5a40ce86d30189_mv2_d_1200_1200_s_2.jpg/v1/fill/w_142,h_142,al_c,q_80,usm_0.66_1.00_0.01,blur_2/Untitled-1-05.jpg]
[static.wixstatic.com/media/023dfc_97d78a5c318941ebb20d287452bdbf51_mv2_d_1200_1200_s_2.jpg/v1/fill/w_142,h_142,al_c,q_80,usm_0.66_1.00_0.01,blur_2/Untitled-1-06.jpg]
[static.wixstatic.com/media/023dfc_5ff77fb528a84ed6b16525d983d26620_mv2_d_1200_1200_s_2.jpg/v1/fill/w_142,h_142,al_c,q_80,usm_0.66_1.00_0.01,blur_2/Untitled-1-07.jpg]
[static.wixstatic.com/media/023dfc_e5ec2c7ef7834d5f914168d8bbffbb01_mv2_d_1200_1200_s_2.jpg/v1/fill/w_142,h_142,al_c,q_80,usm_0.66_1.00_0.01,blur_2/Untitled-1-03.jpg]
[www.fundingfordeeptech2019.informedfunding.com/directions.html]
[www.fundingfordeeptech2019.informedfunding.com/a-conversation-with-plexal-s-md-abo.html]
